<?xml version="1.0" encoding="UTF-8"?>
<testng-results ignored="0" total="1" passed="1" failed="0" skipped="0">
  <reporter-output>
  </reporter-output>
  <suite started-at="2024-03-19T09:00:31 IST" name="Default suite" finished-at="2024-03-19T09:00:31 IST" duration-ms="35">
    <groups>
    </groups>
    <test started-at="2024-03-19T09:00:31 IST" name="Default test" finished-at="2024-03-19T09:00:31 IST" duration-ms="35">
      <class name="javabasic.subclass">
        <test-method signature="sum()[pri:0, instance:javabasic.subclass@3daa422a]" started-at="2024-03-19T09:00:31 IST" name="sum" finished-at="2024-03-19T09:00:31 IST" duration-ms="7" status="PASS">
          <reporter-output>
          </reporter-output>
        </test-method> <!-- sum -->
      </class> <!-- javabasic.subclass -->
    </test> <!-- Default test -->
  </suite> <!-- Default suite -->
</testng-results>
